[debug] [2025-10-24T08:47:37.331Z] ----------------------------------------------------------------------
[debug] [2025-10-24T08:47:37.334Z] Command:       G:\Node\node.exe C:\Users\tahu1\AppData\Roaming\npm\node_modules\firebase-tools\lib\bin\firebase.js init
[debug] [2025-10-24T08:47:37.335Z] CLI Version:   14.17.0
[debug] [2025-10-24T08:47:37.335Z] Platform:      win32
[debug] [2025-10-24T08:47:37.335Z] Node Version:  v22.14.0
[debug] [2025-10-24T08:47:37.335Z] Time:          Fri Oct 24 2025 09:47:37 GMT+0100 (hora de verano de Europa occidental)
[debug] [2025-10-24T08:47:37.335Z] ----------------------------------------------------------------------
[debug] 
[debug] [2025-10-24T08:47:37.337Z] >>> [apiv2][query] GET https://firebase-public.firebaseio.com/cli.json [none]
[debug] [2025-10-24T08:47:37.385Z] > command requires scopes: ["email","openid","https://www.googleapis.com/auth/cloudplatformprojects.readonly","https://www.googleapis.com/auth/firebase","https://www.googleapis.com/auth/cloud-platform"]
[debug] [2025-10-24T08:47:37.385Z] > authorizing via signed-in user (lovelesscrafter@gmail.com)
[info] 
     ######## #### ########  ######## ########     ###     ######  ########
     ##        ##  ##     ## ##       ##     ##  ##   ##  ##       ##
     ######    ##  ########  ######   ########  #########  ######  ######
     ##        ##  ##    ##  ##       ##     ## ##     ##       ## ##
     ##       #### ##     ## ######## ########  ##     ##  ######  ########

You're about to initialize a Firebase project in this directory:

  G:\tahu1\Escritorio\Proyecto porfolio\Auth-core-microfront\Auth-core-microfront.portfolio

[debug] [2025-10-24T08:47:37.792Z] <<< [apiv2][status] GET https://firebase-public.firebaseio.com/cli.json 200
[debug] [2025-10-24T08:47:37.792Z] <<< [apiv2][body] GET https://firebase-public.firebaseio.com/cli.json {"cloudBuildErrorAfter":1594252800000,"cloudBuildWarnAfter":1590019200000,"defaultNode10After":1594252800000,"minVersion":"3.0.5","node8DeploysDisabledAfter":1613390400000,"node8RuntimeDisabledAfter":1615809600000,"node8WarnAfter":1600128000000}
[debug] [2025-10-24T08:49:28.257Z] ExitPromptError: User force closed the prompt with SIGINT
    at Interface.sigint (C:\Users\tahu1\AppData\Roaming\npm\node_modules\firebase-tools\node_modules\@inquirer\core\dist\commonjs\lib\create-prompt.js:101:37)
    at Interface.emit (node:events:518:28)
    at Interface.emit (node:domain:489:12)
    at [_ttyWrite] [as _ttyWrite] (node:internal/readline/interface:1124:18)
    at ReadStream.onkeypress (node:internal/readline/interface:263:20)
    at ReadStream.emit (node:events:530:35)
    at ReadStream.emit (node:domain:489:12)
    at emitKeys (node:internal/readline/utils:370:14)
    at emitKeys.next (<anonymous>)
    at ReadStream.onData (node:internal/readline/emitKeypressEvents:64:36)
[error] 
[error] Error: An unexpected error has occurred.
